<?xml version="1.0" encoding="UTF-8"?>
<!-- Generated by org.testng.reporters.JUnitReportReporter -->
<testsuite hostname="LAPTOP-FBCRBUCN" failures="0" tests="1" name="adminSection.Pages.SprAdminStaff" time="2.162" errors="0" timestamp="2022-03-19T15:12:44 IST" skipped="0">
  <testcase classname="adminSection.Pages.SprAdminStaff" name="courses" time="2.162"/>
  <system-out/>
</testsuite> <!-- adminSection.Pages.SprAdminStaff -->
