<?xml version="1.0" encoding="UTF-8"?>
<!-- Generated by org.testng.reporters.JUnitReportReporter -->
<testsuite hostname="LAPTOP-FBCRBUCN" failures="0" tests="1" name="frontSection.Pages.AboutUs" time="15.566" errors="0" timestamp="2022-03-19T10:10:32 IST" skipped="0">
  <testcase classname="frontSection.Pages.AboutUs" name="testCareersButton" time="15.566"/>
  <system-out/>
</testsuite> <!-- frontSection.Pages.AboutUs -->
