<?xml version="1.0" encoding="UTF-8"?>
<!-- Generated by org.testng.reporters.JUnitReportReporter -->
<testsuite hostname="LAPTOP-FBCRBUCN" failures="0" tests="1" name="adminSection.Pages.usrAdminCourses" time="4.219" errors="0" timestamp="2022-03-19T12:36:29 IST" skipped="0">
  <testcase classname="adminSection.Pages.usrAdminCourses" name="courses" time="4.219"/>
  <system-out/>
</testsuite> <!-- adminSection.Pages.usrAdminCourses -->
