<?xml version="1.0" encoding="UTF-8"?>
<!-- Generated by org.testng.reporters.JUnitReportReporter -->
<testsuite hostname="LAPTOP-FBCRBUCN" failures="0" tests="1" name="adminSection.Pages.SprAdminEvent" time="0.202" errors="0" timestamp="2022-03-19T15:12:07 IST" skipped="0">
  <testcase classname="adminSection.Pages.SprAdminEvent" name="courses" time="0.202"/>
  <system-out/>
</testsuite> <!-- adminSection.Pages.SprAdminEvent -->
